<?xml version="1.0" encoding="UTF-8"?>
<!-- Generated by org.testng.reporters.JUnitReportReporter -->
<testsuite skipped="0" hostname="DESKTOP-3G4FTH2" name="com.obsqura.SeleniumTestNG.AmazonUrl" tests="1" failures="0" timestamp="2022-11-13T23:05:33 IST" time="0.044" errors="0">
  <testcase name="verifyUrl" time="0.044" classname="com.obsqura.SeleniumTestNG.AmazonUrl"/>
  <system-out/>
</testsuite> <!-- com.obsqura.SeleniumTestNG.AmazonUrl -->
