<?xml version="1.0" encoding="UTF-8"?>
<!-- Generated by org.testng.reporters.JUnitReportReporter -->
<testsuite skipped="0" hostname="DESKTOP-3G4FTH2" name="com.obsqura.SeleniumTestNG.SampleLocator" tests="1" failures="0" timestamp="2022-11-20T23:35:58 IST" time="0.003" errors="0">
  <testcase name="testCase1" time="0.003" classname="com.obsqura.SeleniumTestNG.SampleLocator"/>
  <system-out/>
</testsuite> <!-- com.obsqura.SeleniumTestNG.SampleLocator -->
