<?xml version="1.0" encoding="UTF-8"?>
<!-- Generated by org.testng.reporters.JUnitReportReporter -->
<testsuite skipped="0" hostname="DESKTOP-3G4FTH2" name="com.obsqura.SeleniumTestNG.Sum" tests="1" failures="0" timestamp="2022-11-21T01:24:38 IST" time="6.950" errors="0">
  <testcase name="total" time="6.950" classname="com.obsqura.SeleniumTestNG.Sum"/>
  <system-out/>
</testsuite> <!-- com.obsqura.SeleniumTestNG.Sum -->
