<?xml version="1.0" encoding="UTF-8"?>
<!-- Generated by org.testng.reporters.JUnitReportReporter -->
<testsuite skipped="0" hostname="DESKTOP-3G4FTH2" name="com.obsqura.SeleniumTestNG.Locators" tests="1" failures="0" timestamp="2022-11-22T21:12:16 IST" time="8.175" errors="0">
  <testcase name="partialLinkText" time="8.175" classname="com.obsqura.SeleniumTestNG.Locators"/>
  <system-out/>
</testsuite> <!-- com.obsqura.SeleniumTestNG.Locators -->
