<?xml version="1.0" encoding="UTF-8"?>
<!-- Generated by org.testng.reporters.JUnitReportReporter -->
<testsuite skipped="0" hostname="DESKTOP-3G4FTH2" name="com.obsqura.SeleniumTestNG.MessageFieldObsqura" tests="1" failures="0" timestamp="2022-11-24T20:38:47 IST" time="7.816" errors="0">
  <testcase name="MessageFieldObsqura" time="7.816" classname="com.obsqura.SeleniumTestNG.MessageFieldObsqura"/>
  <system-out/>
</testsuite> <!-- com.obsqura.SeleniumTestNG.MessageFieldObsqura -->
