<?xml version="1.0" encoding="UTF-8"?>
<!-- Generated by org.testng.reporters.JUnitReportReporter -->
<testsuite skipped="0" hostname="DESKTOP-3G4FTH2" name="com.obsqura.SeleniumTestNG.BasicCommandsOB" tests="1" failures="0" timestamp="2022-11-29T20:19:08 IST" time="5.570" errors="0">
  <testcase name="datepickerslist" time="5.570" classname="com.obsqura.SeleniumTestNG.BasicCommandsOB"/>
  <system-out/>
</testsuite> <!-- com.obsqura.SeleniumTestNG.BasicCommandsOB -->
