<?xml version="1.0" encoding="UTF-8"?>
<!-- Generated by org.testng.reporters.JUnitReportReporter -->
<testsuite skipped="0" hostname="DESKTOP-3G4FTH2" name="com.obsqura.SeleniumTestNG.RadioButtonDemo" tests="1" failures="0" timestamp="2022-11-29T16:37:49 IST" time="7.701" errors="0">
  <testcase name="radiobutton" time="7.701" classname="com.obsqura.SeleniumTestNG.RadioButtonDemo"/>
  <system-out/>
</testsuite> <!-- com.obsqura.SeleniumTestNG.RadioButtonDemo -->
