<?xml version="1.0" encoding="UTF-8"?>
<!-- Generated by org.testng.reporters.JUnitReportReporter -->
<testsuite skipped="0" hostname="DESKTOP-3G4FTH2" name="com.obsqura.testscripts.MobileSliderTest" tests="1" failures="0" timestamp="2023-01-17T19:51:09 IST" time="8.849" errors="0">
  <testcase name="chkbgcolor" time="8.849" classname="com.obsqura.testscripts.MobileSliderTest"/>
  <system-out/>
</testsuite> <!-- com.obsqura.testscripts.MobileSliderTest -->
