<?xml version="1.0" encoding="UTF-8"?>
<!-- Generated by org.testng.reporters.JUnitReportReporter -->
<testsuite skipped="0" hostname="DESKTOP-3G4FTH2" name="com.obsqura.testscripts.TestSample" tests="1" failures="0" timestamp="2023-01-10T11:29:43 IST" time="16.706" errors="0">
  <testcase name="check" time="16.706" classname="com.obsqura.testscripts.TestSample"/>
  <system-out/>
</testsuite> <!-- com.obsqura.testscripts.TestSample -->
